<?xml version="1.0" encoding="UTF-8"?>
<testsuite xmlns:xsi="http://www.w3.org/2001/XMLSchema-instance" xsi:noNamespaceSchemaLocation="https://maven.apache.org/surefire/maven-surefire-plugin/xsd/surefire-test-report-3.0.xsd" version="3.0" name="com.automation.runners.CucumberTestRunner" time="54.338" tests="1" errors="0" skipped="0" failures="0">
  <properties>
    <property name="java.specification.version" value="21"/>
    <property name="sun.cpu.isalist" value="amd64"/>
    <property name="sun.jnu.encoding" value="Cp1252"/>
    <property name="java.class.path" value="C:\Users\Walter\CascadeProjects\windsurf-project\automation-framework-website-llm\target\test-classes;C:\Users\Walter\CascadeProjects\windsurf-project\automation-framework-website-llm\target\classes;C:\Users\Walter\.m2\repository\org\seleniumhq\selenium\selenium-java\4.15.0\selenium-java-4.15.0.jar;C:\Users\Walter\.m2\repository\org\seleniumhq\selenium\selenium-api\4.15.0\selenium-api-4.15.0.jar;C:\Users\Walter\.m2\repository\org\seleniumhq\selenium\selenium-chrome-driver\4.15.0\selenium-chrome-driver-4.15.0.jar;C:\Users\Walter\.m2\repository\com\google\auto\service\auto-service-annotations\1.1.1\auto-service-annotations-1.1.1.jar;C:\Users\Walter\.m2\repository\org\seleniumhq\selenium\selenium-chromium-driver\4.15.0\selenium-chromium-driver-4.15.0.jar;C:\Users\Walter\.m2\repository\org\seleniumhq\selenium\selenium-json\4.15.0\selenium-json-4.15.0.jar;C:\Users\Walter\.m2\repository\org\seleniumhq\selenium\selenium-manager\4.15.0\selenium-manager-4.15.0.jar;C:\Users\Walter\.m2\repository\org\seleniumhq\selenium\selenium-devtools-v117\4.15.0\selenium-devtools-v117-4.15.0.jar;C:\Users\Walter\.m2\repository\org\seleniumhq\selenium\selenium-devtools-v118\4.15.0\selenium-devtools-v118-4.15.0.jar;C:\Users\Walter\.m2\repository\org\seleniumhq\selenium\selenium-devtools-v119\4.15.0\selenium-devtools-v119-4.15.0.jar;C:\Users\Walter\.m2\repository\org\seleniumhq\selenium\selenium-devtools-v85\4.15.0\selenium-devtools-v85-4.15.0.jar;C:\Users\Walter\.m2\repository\org\seleniumhq\selenium\selenium-edge-driver\4.15.0\selenium-edge-driver-4.15.0.jar;C:\Users\Walter\.m2\repository\org\seleniumhq\selenium\selenium-firefox-driver\4.15.0\selenium-firefox-driver-4.15.0.jar;C:\Users\Walter\.m2\repository\org\seleniumhq\selenium\selenium-http\4.15.0\selenium-http-4.15.0.jar;C:\Users\Walter\.m2\repository\dev\failsafe\failsafe\3.3.2\failsafe-3.3.2.jar;C:\Users\Walter\.m2\repository\org\seleniumhq\selenium\selenium-ie-driver\4.15.0\selenium-ie-driver-4.15.0.jar;C:\Users\Walter\.m2\repository\org\seleniumhq\selenium\selenium-remote-driver\4.15.0\selenium-remote-driver-4.15.0.jar;C:\Users\Walter\.m2\repository\com\google\guava\guava\32.1.2-jre\guava-32.1.2-jre.jar;C:\Users\Walter\.m2\repository\com\google\guava\failureaccess\1.0.1\failureaccess-1.0.1.jar;C:\Users\Walter\.m2\repository\com\google\guava\listenablefuture\9999.0-empty-to-avoid-conflict-with-guava\listenablefuture-9999.0-empty-to-avoid-conflict-with-guava.jar;C:\Users\Walter\.m2\repository\com\google\code\findbugs\jsr305\3.0.2\jsr305-3.0.2.jar;C:\Users\Walter\.m2\repository\org\checkerframework\checker-qual\3.33.0\checker-qual-3.33.0.jar;C:\Users\Walter\.m2\repository\com\google\errorprone\error_prone_annotations\2.18.0\error_prone_annotations-2.18.0.jar;C:\Users\Walter\.m2\repository\com\google\j2objc\j2objc-annotations\2.8\j2objc-annotations-2.8.jar;C:\Users\Walter\.m2\repository\io\opentelemetry\opentelemetry-api\1.28.0\opentelemetry-api-1.28.0.jar;C:\Users\Walter\.m2\repository\io\opentelemetry\opentelemetry-context\1.28.0\opentelemetry-context-1.28.0.jar;C:\Users\Walter\.m2\repository\io\opentelemetry\opentelemetry-exporter-logging\1.28.0\opentelemetry-exporter-logging-1.28.0.jar;C:\Users\Walter\.m2\repository\io\opentelemetry\opentelemetry-sdk-metrics\1.28.0\opentelemetry-sdk-metrics-1.28.0.jar;C:\Users\Walter\.m2\repository\io\opentelemetry\opentelemetry-extension-incubator\1.28.0-alpha\opentelemetry-extension-incubator-1.28.0-alpha.jar;C:\Users\Walter\.m2\repository\io\opentelemetry\opentelemetry-sdk-logs\1.28.0\opentelemetry-sdk-logs-1.28.0.jar;C:\Users\Walter\.m2\repository\io\opentelemetry\opentelemetry-sdk-common\1.28.0\opentelemetry-sdk-common-1.28.0.jar;C:\Users\Walter\.m2\repository\io\opentelemetry\opentelemetry-sdk-extension-autoconfigure-spi\1.28.0\opentelemetry-sdk-extension-autoconfigure-spi-1.28.0.jar;C:\Users\Walter\.m2\repository\io\opentelemetry\opentelemetry-sdk-extension-autoconfigure\1.28.0\opentelemetry-sdk-extension-autoconfigure-1.28.0.jar;C:\Users\Walter\.m2\repository\io\opentelemetry\opentelemetry-api-events\1.28.0-alpha\opentelemetry-api-events-1.28.0-alpha.jar;C:\Users\Walter\.m2\repository\io\opentelemetry\opentelemetry-sdk-trace\1.28.0\opentelemetry-sdk-trace-1.28.0.jar;C:\Users\Walter\.m2\repository\io\opentelemetry\opentelemetry-sdk\1.28.0\opentelemetry-sdk-1.28.0.jar;C:\Users\Walter\.m2\repository\io\opentelemetry\opentelemetry-semconv\1.28.0-alpha\opentelemetry-semconv-1.28.0-alpha.jar;C:\Users\Walter\.m2\repository\net\bytebuddy\byte-buddy\1.14.5\byte-buddy-1.14.5.jar;C:\Users\Walter\.m2\repository\org\seleniumhq\selenium\selenium-os\4.15.0\selenium-os-4.15.0.jar;C:\Users\Walter\.m2\repository\org\apache\commons\commons-exec\1.3\commons-exec-1.3.jar;C:\Users\Walter\.m2\repository\org\seleniumhq\selenium\selenium-safari-driver\4.15.0\selenium-safari-driver-4.15.0.jar;C:\Users\Walter\.m2\repository\org\seleniumhq\selenium\selenium-support\4.15.0\selenium-support-4.15.0.jar;C:\Users\Walter\.m2\repository\org\testng\testng\7.8.0\testng-7.8.0.jar;C:\Users\Walter\.m2\repository\com\beust\jcommander\1.82\jcommander-1.82.jar;C:\Users\Walter\.m2\repository\org\webjars\jquery\3.6.1\jquery-3.6.1.jar;C:\Users\Walter\.m2\repository\io\github\bonigarcia\webdrivermanager\5.6.2\webdrivermanager-5.6.2.jar;C:\Users\Walter\.m2\repository\com\google\code\gson\gson\2.10.1\gson-2.10.1.jar;C:\Users\Walter\.m2\repository\com\github\docker-java\docker-java\3.3.4\docker-java-3.3.4.jar;C:\Users\Walter\.m2\repository\com\github\docker-java\docker-java-core\3.3.4\docker-java-core-3.3.4.jar;C:\Users\Walter\.m2\repository\com\github\docker-java\docker-java-api\3.3.4\docker-java-api-3.3.4.jar;C:\Users\Walter\.m2\repository\commons-io\commons-io\2.13.0\commons-io-2.13.0.jar;C:\Users\Walter\.m2\repository\org\bouncycastle\bcpkix-jdk18on\1.76\bcpkix-jdk18on-1.76.jar;C:\Users\Walter\.m2\repository\org\bouncycastle\bcprov-jdk18on\1.76\bcprov-jdk18on-1.76.jar;C:\Users\Walter\.m2\repository\org\bouncycastle\bcutil-jdk18on\1.76\bcutil-jdk18on-1.76.jar;C:\Users\Walter\.m2\repository\org\slf4j\jcl-over-slf4j\1.7.30\jcl-over-slf4j-1.7.30.jar;C:\Users\Walter\.m2\repository\com\github\docker-java\docker-java-transport-httpclient5\3.3.4\docker-java-transport-httpclient5-3.3.4.jar;C:\Users\Walter\.m2\repository\com\github\docker-java\docker-java-transport\3.3.4\docker-java-transport-3.3.4.jar;C:\Users\Walter\.m2\repository\net\java\dev\jna\jna\5.13.0\jna-5.13.0.jar;C:\Users\Walter\.m2\repository\org\brotli\dec\0.1.2\dec-0.1.2.jar;C:\Users\Walter\.m2\repository\org\apache\commons\commons-lang3\3.13.0\commons-lang3-3.13.0.jar;C:\Users\Walter\.m2\repository\org\apache\commons\commons-compress\1.24.0\commons-compress-1.24.0.jar;C:\Users\Walter\.m2\repository\org\apache\httpcomponents\client5\httpclient5\5.2.1\httpclient5-5.2.1.jar;C:\Users\Walter\.m2\repository\org\apache\httpcomponents\core5\httpcore5\5.2\httpcore5-5.2.jar;C:\Users\Walter\.m2\repository\org\apache\httpcomponents\core5\httpcore5-h2\5.2\httpcore5-h2-5.2.jar;C:\Users\Walter\.m2\repository\org\slf4j\slf4j-api\2.0.9\slf4j-api-2.0.9.jar;C:\Users\Walter\.m2\repository\ch\qos\logback\logback-classic\1.4.14\logback-classic-1.4.14.jar;C:\Users\Walter\.m2\repository\ch\qos\logback\logback-core\1.4.14\logback-core-1.4.14.jar;C:\Users\Walter\.m2\repository\io\cucumber\cucumber-java\7.14.0\cucumber-java-7.14.0.jar;C:\Users\Walter\.m2\repository\io\cucumber\cucumber-core\7.14.0\cucumber-core-7.14.0.jar;C:\Users\Walter\.m2\repository\io\cucumber\cucumber-gherkin\7.14.0\cucumber-gherkin-7.14.0.jar;C:\Users\Walter\.m2\repository\io\cucumber\cucumber-gherkin-messages\7.14.0\cucumber-gherkin-messages-7.14.0.jar;C:\Users\Walter\.m2\repository\io\cucumber\gherkin\26.2.0\gherkin-26.2.0.jar;C:\Users\Walter\.m2\repository\io\cucumber\messages\22.0.0\messages-22.0.0.jar;C:\Users\Walter\.m2\repository\io\cucumber\tag-expressions\5.0.6\tag-expressions-5.0.6.jar;C:\Users\Walter\.m2\repository\io\cucumber\cucumber-expressions\16.1.2\cucumber-expressions-16.1.2.jar;C:\Users\Walter\.m2\repository\io\cucumber\datatable\7.14.0\datatable-7.14.0.jar;C:\Users\Walter\.m2\repository\io\cucumber\cucumber-plugin\7.14.0\cucumber-plugin-7.14.0.jar;C:\Users\Walter\.m2\repository\io\cucumber\docstring\7.14.0\docstring-7.14.0.jar;C:\Users\Walter\.m2\repository\io\cucumber\html-formatter\20.4.0\html-formatter-20.4.0.jar;C:\Users\Walter\.m2\repository\io\cucumber\junit-xml-formatter\0.2.0\junit-xml-formatter-0.2.0.jar;C:\Users\Walter\.m2\repository\io\cucumber\ci-environment\9.2.0\ci-environment-9.2.0.jar;C:\Users\Walter\.m2\repository\org\apiguardian\apiguardian-api\1.1.2\apiguardian-api-1.1.2.jar;C:\Users\Walter\.m2\repository\io\cucumber\cucumber-testng\7.14.0\cucumber-testng-7.14.0.jar;C:\Users\Walter\.m2\repository\io\cucumber\cucumber-picocontainer\7.14.0\cucumber-picocontainer-7.14.0.jar;C:\Users\Walter\.m2\repository\org\picocontainer\picocontainer\2.15\picocontainer-2.15.jar;C:\Users\Walter\.m2\repository\org\jsoup\jsoup\1.17.2\jsoup-1.17.2.jar;C:\Users\Walter\.m2\repository\com\theokanning\openai-gpt3-java\service\0.18.2\service-0.18.2.jar;C:\Users\Walter\.m2\repository\com\theokanning\openai-gpt3-java\client\0.18.2\client-0.18.2.jar;C:\Users\Walter\.m2\repository\com\theokanning\openai-gpt3-java\api\0.18.2\api-0.18.2.jar;C:\Users\Walter\.m2\repository\com\fasterxml\jackson\core\jackson-annotations\2.14.2\jackson-annotations-2.14.2.jar;C:\Users\Walter\.m2\repository\com\knuddels\jtokkit\0.5.1\jtokkit-0.5.1.jar;C:\Users\Walter\.m2\repository\com\squareup\retrofit2\retrofit\2.9.0\retrofit-2.9.0.jar;C:\Users\Walter\.m2\repository\com\squareup\okhttp3\okhttp\3.14.9\okhttp-3.14.9.jar;C:\Users\Walter\.m2\repository\com\squareup\okio\okio\1.17.2\okio-1.17.2.jar;C:\Users\Walter\.m2\repository\com\squareup\retrofit2\adapter-rxjava2\2.9.0\adapter-rxjava2-2.9.0.jar;C:\Users\Walter\.m2\repository\io\reactivex\rxjava2\rxjava\2.0.0\rxjava-2.0.0.jar;C:\Users\Walter\.m2\repository\org\reactivestreams\reactive-streams\1.0.3\reactive-streams-1.0.3.jar;C:\Users\Walter\.m2\repository\com\squareup\retrofit2\converter-jackson\2.9.0\converter-jackson-2.9.0.jar;C:\Users\Walter\.m2\repository\com\fasterxml\jackson\core\jackson-databind\2.10.1\jackson-databind-2.10.1.jar;C:\Users\Walter\.m2\repository\com\fasterxml\jackson\core\jackson-core\2.10.1\jackson-core-2.10.1.jar;C:\Users\Walter\.m2\repository\com\kjetland\mbknor-jackson-jsonschema_2.12\1.0.34\mbknor-jackson-jsonschema_2.12-1.0.34.jar;C:\Users\Walter\.m2\repository\org\scala-lang\scala-library\2.12.8\scala-library-2.12.8.jar;C:\Users\Walter\.m2\repository\javax\validation\validation-api\2.0.1.Final\validation-api-2.0.1.Final.jar;C:\Users\Walter\.m2\repository\io\github\classgraph\classgraph\4.8.21\classgraph-4.8.21.jar;"/>
    <property name="java.vm.vendor" value="Eclipse Adoptium"/>
    <property name="sun.arch.data.model" value="64"/>
    <property name="user.variant" value=""/>
    <property name="java.vendor.url" value="https://adoptium.net/"/>
    <property name="user.timezone" value="Europe/Berlin"/>
    <property name="os.name" value="Windows 11"/>
    <property name="java.vm.specification.version" value="21"/>
    <property name="webdriver.chrome.silentOutput" value="true"/>
    <property name="sun.java.launcher" value="SUN_STANDARD"/>
    <property name="user.country" value="US"/>
    <property name="sun.boot.library.path" value="C:\Program Files\Eclipse Adoptium\jdk-21.0.5.11-hotspot\bin"/>
    <property name="sun.java.command" value="C:\Users\Walter\AppData\Local\Temp\surefire13231816890463394807\surefirebooter-20250129185233185_3.jar C:\Users\Walter\AppData\Local\Temp\surefire13231816890463394807 2025-01-29T18-52-33_013-jvmRun1 surefire-20250129185233185_1tmp surefire_0-20250129185233185_2tmp"/>
    <property name="jdk.debug" value="release"/>
    <property name="test" value="CucumberTestRunner"/>
    <property name="surefire.test.class.path" value="C:\Users\Walter\CascadeProjects\windsurf-project\automation-framework-website-llm\target\test-classes;C:\Users\Walter\CascadeProjects\windsurf-project\automation-framework-website-llm\target\classes;C:\Users\Walter\.m2\repository\org\seleniumhq\selenium\selenium-java\4.15.0\selenium-java-4.15.0.jar;C:\Users\Walter\.m2\repository\org\seleniumhq\selenium\selenium-api\4.15.0\selenium-api-4.15.0.jar;C:\Users\Walter\.m2\repository\org\seleniumhq\selenium\selenium-chrome-driver\4.15.0\selenium-chrome-driver-4.15.0.jar;C:\Users\Walter\.m2\repository\com\google\auto\service\auto-service-annotations\1.1.1\auto-service-annotations-1.1.1.jar;C:\Users\Walter\.m2\repository\org\seleniumhq\selenium\selenium-chromium-driver\4.15.0\selenium-chromium-driver-4.15.0.jar;C:\Users\Walter\.m2\repository\org\seleniumhq\selenium\selenium-json\4.15.0\selenium-json-4.15.0.jar;C:\Users\Walter\.m2\repository\org\seleniumhq\selenium\selenium-manager\4.15.0\selenium-manager-4.15.0.jar;C:\Users\Walter\.m2\repository\org\seleniumhq\selenium\selenium-devtools-v117\4.15.0\selenium-devtools-v117-4.15.0.jar;C:\Users\Walter\.m2\repository\org\seleniumhq\selenium\selenium-devtools-v118\4.15.0\selenium-devtools-v118-4.15.0.jar;C:\Users\Walter\.m2\repository\org\seleniumhq\selenium\selenium-devtools-v119\4.15.0\selenium-devtools-v119-4.15.0.jar;C:\Users\Walter\.m2\repository\org\seleniumhq\selenium\selenium-devtools-v85\4.15.0\selenium-devtools-v85-4.15.0.jar;C:\Users\Walter\.m2\repository\org\seleniumhq\selenium\selenium-edge-driver\4.15.0\selenium-edge-driver-4.15.0.jar;C:\Users\Walter\.m2\repository\org\seleniumhq\selenium\selenium-firefox-driver\4.15.0\selenium-firefox-driver-4.15.0.jar;C:\Users\Walter\.m2\repository\org\seleniumhq\selenium\selenium-http\4.15.0\selenium-http-4.15.0.jar;C:\Users\Walter\.m2\repository\dev\failsafe\failsafe\3.3.2\failsafe-3.3.2.jar;C:\Users\Walter\.m2\repository\org\seleniumhq\selenium\selenium-ie-driver\4.15.0\selenium-ie-driver-4.15.0.jar;C:\Users\Walter\.m2\repository\org\seleniumhq\selenium\selenium-remote-driver\4.15.0\selenium-remote-driver-4.15.0.jar;C:\Users\Walter\.m2\repository\com\google\guava\guava\32.1.2-jre\guava-32.1.2-jre.jar;C:\Users\Walter\.m2\repository\com\google\guava\failureaccess\1.0.1\failureaccess-1.0.1.jar;C:\Users\Walter\.m2\repository\com\google\guava\listenablefuture\9999.0-empty-to-avoid-conflict-with-guava\listenablefuture-9999.0-empty-to-avoid-conflict-with-guava.jar;C:\Users\Walter\.m2\repository\com\google\code\findbugs\jsr305\3.0.2\jsr305-3.0.2.jar;C:\Users\Walter\.m2\repository\org\checkerframework\checker-qual\3.33.0\checker-qual-3.33.0.jar;C:\Users\Walter\.m2\repository\com\google\errorprone\error_prone_annotations\2.18.0\error_prone_annotations-2.18.0.jar;C:\Users\Walter\.m2\repository\com\google\j2objc\j2objc-annotations\2.8\j2objc-annotations-2.8.jar;C:\Users\Walter\.m2\repository\io\opentelemetry\opentelemetry-api\1.28.0\opentelemetry-api-1.28.0.jar;C:\Users\Walter\.m2\repository\io\opentelemetry\opentelemetry-context\1.28.0\opentelemetry-context-1.28.0.jar;C:\Users\Walter\.m2\repository\io\opentelemetry\opentelemetry-exporter-logging\1.28.0\opentelemetry-exporter-logging-1.28.0.jar;C:\Users\Walter\.m2\repository\io\opentelemetry\opentelemetry-sdk-metrics\1.28.0\opentelemetry-sdk-metrics-1.28.0.jar;C:\Users\Walter\.m2\repository\io\opentelemetry\opentelemetry-extension-incubator\1.28.0-alpha\opentelemetry-extension-incubator-1.28.0-alpha.jar;C:\Users\Walter\.m2\repository\io\opentelemetry\opentelemetry-sdk-logs\1.28.0\opentelemetry-sdk-logs-1.28.0.jar;C:\Users\Walter\.m2\repository\io\opentelemetry\opentelemetry-sdk-common\1.28.0\opentelemetry-sdk-common-1.28.0.jar;C:\Users\Walter\.m2\repository\io\opentelemetry\opentelemetry-sdk-extension-autoconfigure-spi\1.28.0\opentelemetry-sdk-extension-autoconfigure-spi-1.28.0.jar;C:\Users\Walter\.m2\repository\io\opentelemetry\opentelemetry-sdk-extension-autoconfigure\1.28.0\opentelemetry-sdk-extension-autoconfigure-1.28.0.jar;C:\Users\Walter\.m2\repository\io\opentelemetry\opentelemetry-api-events\1.28.0-alpha\opentelemetry-api-events-1.28.0-alpha.jar;C:\Users\Walter\.m2\repository\io\opentelemetry\opentelemetry-sdk-trace\1.28.0\opentelemetry-sdk-trace-1.28.0.jar;C:\Users\Walter\.m2\repository\io\opentelemetry\opentelemetry-sdk\1.28.0\opentelemetry-sdk-1.28.0.jar;C:\Users\Walter\.m2\repository\io\opentelemetry\opentelemetry-semconv\1.28.0-alpha\opentelemetry-semconv-1.28.0-alpha.jar;C:\Users\Walter\.m2\repository\net\bytebuddy\byte-buddy\1.14.5\byte-buddy-1.14.5.jar;C:\Users\Walter\.m2\repository\org\seleniumhq\selenium\selenium-os\4.15.0\selenium-os-4.15.0.jar;C:\Users\Walter\.m2\repository\org\apache\commons\commons-exec\1.3\commons-exec-1.3.jar;C:\Users\Walter\.m2\repository\org\seleniumhq\selenium\selenium-safari-driver\4.15.0\selenium-safari-driver-4.15.0.jar;C:\Users\Walter\.m2\repository\org\seleniumhq\selenium\selenium-support\4.15.0\selenium-support-4.15.0.jar;C:\Users\Walter\.m2\repository\org\testng\testng\7.8.0\testng-7.8.0.jar;C:\Users\Walter\.m2\repository\com\beust\jcommander\1.82\jcommander-1.82.jar;C:\Users\Walter\.m2\repository\org\webjars\jquery\3.6.1\jquery-3.6.1.jar;C:\Users\Walter\.m2\repository\io\github\bonigarcia\webdrivermanager\5.6.2\webdrivermanager-5.6.2.jar;C:\Users\Walter\.m2\repository\com\google\code\gson\gson\2.10.1\gson-2.10.1.jar;C:\Users\Walter\.m2\repository\com\github\docker-java\docker-java\3.3.4\docker-java-3.3.4.jar;C:\Users\Walter\.m2\repository\com\github\docker-java\docker-java-core\3.3.4\docker-java-core-3.3.4.jar;C:\Users\Walter\.m2\repository\com\github\docker-java\docker-java-api\3.3.4\docker-java-api-3.3.4.jar;C:\Users\Walter\.m2\repository\commons-io\commons-io\2.13.0\commons-io-2.13.0.jar;C:\Users\Walter\.m2\repository\org\bouncycastle\bcpkix-jdk18on\1.76\bcpkix-jdk18on-1.76.jar;C:\Users\Walter\.m2\repository\org\bouncycastle\bcprov-jdk18on\1.76\bcprov-jdk18on-1.76.jar;C:\Users\Walter\.m2\repository\org\bouncycastle\bcutil-jdk18on\1.76\bcutil-jdk18on-1.76.jar;C:\Users\Walter\.m2\repository\org\slf4j\jcl-over-slf4j\1.7.30\jcl-over-slf4j-1.7.30.jar;C:\Users\Walter\.m2\repository\com\github\docker-java\docker-java-transport-httpclient5\3.3.4\docker-java-transport-httpclient5-3.3.4.jar;C:\Users\Walter\.m2\repository\com\github\docker-java\docker-java-transport\3.3.4\docker-java-transport-3.3.4.jar;C:\Users\Walter\.m2\repository\net\java\dev\jna\jna\5.13.0\jna-5.13.0.jar;C:\Users\Walter\.m2\repository\org\brotli\dec\0.1.2\dec-0.1.2.jar;C:\Users\Walter\.m2\repository\org\apache\commons\commons-lang3\3.13.0\commons-lang3-3.13.0.jar;C:\Users\Walter\.m2\repository\org\apache\commons\commons-compress\1.24.0\commons-compress-1.24.0.jar;C:\Users\Walter\.m2\repository\org\apache\httpcomponents\client5\httpclient5\5.2.1\httpclient5-5.2.1.jar;C:\Users\Walter\.m2\repository\org\apache\httpcomponents\core5\httpcore5\5.2\httpcore5-5.2.jar;C:\Users\Walter\.m2\repository\org\apache\httpcomponents\core5\httpcore5-h2\5.2\httpcore5-h2-5.2.jar;C:\Users\Walter\.m2\repository\org\slf4j\slf4j-api\2.0.9\slf4j-api-2.0.9.jar;C:\Users\Walter\.m2\repository\ch\qos\logback\logback-classic\1.4.14\logback-classic-1.4.14.jar;C:\Users\Walter\.m2\repository\ch\qos\logback\logback-core\1.4.14\logback-core-1.4.14.jar;C:\Users\Walter\.m2\repository\io\cucumber\cucumber-java\7.14.0\cucumber-java-7.14.0.jar;C:\Users\Walter\.m2\repository\io\cucumber\cucumber-core\7.14.0\cucumber-core-7.14.0.jar;C:\Users\Walter\.m2\repository\io\cucumber\cucumber-gherkin\7.14.0\cucumber-gherkin-7.14.0.jar;C:\Users\Walter\.m2\repository\io\cucumber\cucumber-gherkin-messages\7.14.0\cucumber-gherkin-messages-7.14.0.jar;C:\Users\Walter\.m2\repository\io\cucumber\gherkin\26.2.0\gherkin-26.2.0.jar;C:\Users\Walter\.m2\repository\io\cucumber\messages\22.0.0\messages-22.0.0.jar;C:\Users\Walter\.m2\repository\io\cucumber\tag-expressions\5.0.6\tag-expressions-5.0.6.jar;C:\Users\Walter\.m2\repository\io\cucumber\cucumber-expressions\16.1.2\cucumber-expressions-16.1.2.jar;C:\Users\Walter\.m2\repository\io\cucumber\datatable\7.14.0\datatable-7.14.0.jar;C:\Users\Walter\.m2\repository\io\cucumber\cucumber-plugin\7.14.0\cucumber-plugin-7.14.0.jar;C:\Users\Walter\.m2\repository\io\cucumber\docstring\7.14.0\docstring-7.14.0.jar;C:\Users\Walter\.m2\repository\io\cucumber\html-formatter\20.4.0\html-formatter-20.4.0.jar;C:\Users\Walter\.m2\repository\io\cucumber\junit-xml-formatter\0.2.0\junit-xml-formatter-0.2.0.jar;C:\Users\Walter\.m2\repository\io\cucumber\ci-environment\9.2.0\ci-environment-9.2.0.jar;C:\Users\Walter\.m2\repository\org\apiguardian\apiguardian-api\1.1.2\apiguardian-api-1.1.2.jar;C:\Users\Walter\.m2\repository\io\cucumber\cucumber-testng\7.14.0\cucumber-testng-7.14.0.jar;C:\Users\Walter\.m2\repository\io\cucumber\cucumber-picocontainer\7.14.0\cucumber-picocontainer-7.14.0.jar;C:\Users\Walter\.m2\repository\org\picocontainer\picocontainer\2.15\picocontainer-2.15.jar;C:\Users\Walter\.m2\repository\org\jsoup\jsoup\1.17.2\jsoup-1.17.2.jar;C:\Users\Walter\.m2\repository\com\theokanning\openai-gpt3-java\service\0.18.2\service-0.18.2.jar;C:\Users\Walter\.m2\repository\com\theokanning\openai-gpt3-java\client\0.18.2\client-0.18.2.jar;C:\Users\Walter\.m2\repository\com\theokanning\openai-gpt3-java\api\0.18.2\api-0.18.2.jar;C:\Users\Walter\.m2\repository\com\fasterxml\jackson\core\jackson-annotations\2.14.2\jackson-annotations-2.14.2.jar;C:\Users\Walter\.m2\repository\com\knuddels\jtokkit\0.5.1\jtokkit-0.5.1.jar;C:\Users\Walter\.m2\repository\com\squareup\retrofit2\retrofit\2.9.0\retrofit-2.9.0.jar;C:\Users\Walter\.m2\repository\com\squareup\okhttp3\okhttp\3.14.9\okhttp-3.14.9.jar;C:\Users\Walter\.m2\repository\com\squareup\okio\okio\1.17.2\okio-1.17.2.jar;C:\Users\Walter\.m2\repository\com\squareup\retrofit2\adapter-rxjava2\2.9.0\adapter-rxjava2-2.9.0.jar;C:\Users\Walter\.m2\repository\io\reactivex\rxjava2\rxjava\2.0.0\rxjava-2.0.0.jar;C:\Users\Walter\.m2\repository\org\reactivestreams\reactive-streams\1.0.3\reactive-streams-1.0.3.jar;C:\Users\Walter\.m2\repository\com\squareup\retrofit2\converter-jackson\2.9.0\converter-jackson-2.9.0.jar;C:\Users\Walter\.m2\repository\com\fasterxml\jackson\core\jackson-databind\2.10.1\jackson-databind-2.10.1.jar;C:\Users\Walter\.m2\repository\com\fasterxml\jackson\core\jackson-core\2.10.1\jackson-core-2.10.1.jar;C:\Users\Walter\.m2\repository\com\kjetland\mbknor-jackson-jsonschema_2.12\1.0.34\mbknor-jackson-jsonschema_2.12-1.0.34.jar;C:\Users\Walter\.m2\repository\org\scala-lang\scala-library\2.12.8\scala-library-2.12.8.jar;C:\Users\Walter\.m2\repository\javax\validation\validation-api\2.0.1.Final\validation-api-2.0.1.Final.jar;C:\Users\Walter\.m2\repository\io\github\classgraph\classgraph\4.8.21\classgraph-4.8.21.jar;"/>
    <property name="sun.cpu.endian" value="little"/>
    <property name="user.home" value="C:\Users\Walter"/>
    <property name="user.language" value="en"/>
    <property name="java.specification.vendor" value="Oracle Corporation"/>
    <property name="java.version.date" value="2024-10-15"/>
    <property name="java.home" value="C:\Program Files\Eclipse Adoptium\jdk-21.0.5.11-hotspot"/>
    <property name="file.separator" value="\"/>
    <property name="basedir" value="C:\Users\Walter\CascadeProjects\windsurf-project\automation-framework-website-llm"/>
    <property name="java.vm.compressedOopsMode" value="Zero based"/>
    <property name="line.separator" value="&#10;"/>
    <property name="java.vm.specification.vendor" value="Oracle Corporation"/>
    <property name="java.specification.name" value="Java Platform API Specification"/>
    <property name="surefire.real.class.path" value="C:\Users\Walter\AppData\Local\Temp\surefire13231816890463394807\surefirebooter-20250129185233185_3.jar"/>
    <property name="user.script" value=""/>
    <property name="sun.management.compiler" value="HotSpot 64-Bit Tiered Compilers"/>
    <property name="wdm.cachePath" value="C:\Users\Walter\CascadeProjects\windsurf-project\automation-framework-website-llm/.wdm"/>
    <property name="java.runtime.version" value="21.0.5+11-LTS"/>
    <property name="user.name" value="Walter"/>
    <property name="stdout.encoding" value="Cp1252"/>
    <property name="path.separator" value=";"/>
    <property name="os.version" value="10.0"/>
    <property name="java.runtime.name" value="OpenJDK Runtime Environment"/>
    <property name="file.encoding" value="UTF-8"/>
    <property name="java.vm.name" value="OpenJDK 64-Bit Server VM"/>
    <property name="java.vendor.version" value="Temurin-21.0.5+11"/>
    <property name="localRepository" value="C:\Users\Walter\.m2\repository"/>
    <property name="java.vendor.url.bug" value="https://github.com/adoptium/adoptium-support/issues"/>
    <property name="java.io.tmpdir" value="C:\Users\Walter\AppData\Local\Temp\"/>
    <property name="java.version" value="21.0.5"/>
    <property name="user.dir" value="C:\Users\Walter\CascadeProjects\windsurf-project\automation-framework-website-llm"/>
    <property name="os.arch" value="amd64"/>
    <property name="webdriver.chrome.whitelistedIps" value=""/>
    <property name="java.vm.specification.name" value="Java Virtual Machine Specification"/>
    <property name="sun.os.patch.level" value=""/>
    <property name="native.encoding" value="Cp1252"/>
    <property name="java.library.path" value="C:\Program Files\Eclipse Adoptium\jdk-21.0.5.11-hotspot\bin;C:\WINDOWS\Sun\Java\bin;C:\WINDOWS\system32;C:\WINDOWS;C:\Program Files\Eclipse Adoptium\jdk-21.0.5.11-hotspot\bin;C:\Program Files\OpenJDK\jdk-8.0.262.10-hotspot\bin;C:\Windows\system32;C:\Windows;C:\Windows\System32\Wbem;C:\Windows\System32\WindowsPowerShell\v1.0\;C:\Windows\System32\OpenSSH\;C:\Program Files (x86)\NVIDIA Corporation\PhysX\Common;C:\WINDOWS\system32;C:\WINDOWS;C:\WINDOWS\System32\Wbem;C:\WINDOWS\System32\WindowsPowerShell\v1.0\;C:\WINDOWS\System32\OpenSSH\;C:\Program Files\Git\cmd;C:\Program Files\Git LFS;C:\Program Files\dotnet\;C:\Program Files (x86)\Windows Kits\10\Windows Performance Toolkit\;C:\Program Files\NVIDIA Corporation\NVIDIA app\NvDLISR;C:\ProgramData\chocolatey\bin;C:\ProgramData\chocolatey\lib\maven\apache-maven-3.9.9\bin;C:\Users\Walter\AppData\Local\Microsoft\WindowsApps;C:\Program Files\JetBrains\IntelliJ IDEA Community Edition 2020.3\bin;C:\Users\Walter\AppData\Local\Programs\Rancher Desktop\resources\resources\win32\bin;C:\Users\Walter\AppData\Local\Programs\Rancher Desktop\resources\resources\linux\bin;C:\Users\Walter\AppData\Local\Microsoft\WindowsApps;C:\Users\Walter\AppData\Local\GitHubDesktop\bin;C:\Users\Walter\AppData\Local\Programs\Microsoft VS Code\bin;C:\Users\Walter\.dotnet\tools;C:\Users\Walter\AppData\Local\Muse Hub\lib;C:\Users\Walter\.cache\lm-studio\bin;C:\Users\Walter\AppData\Local\Muse Hub\lib;C:\Users\Walter\AppData\Local\Programs\Windsurf\bin;."/>
    <property name="java.vm.info" value="mixed mode, sharing"/>
    <property name="stderr.encoding" value="Cp1252"/>
    <property name="java.vendor" value="Eclipse Adoptium"/>
    <property name="java.vm.version" value="21.0.5+11-LTS"/>
    <property name="sun.io.unicode.encoding" value="UnicodeLittle"/>
    <property name="java.class.version" value="65.0"/>
  </properties>
  <testcase name="runScenario[&quot;Verify page elements using LLM&quot;, &quot;LLM Integration Test&quot;](1)" classname="com.automation.runners.CucumberTestRunner" time="53.131">
    <system-out><![CDATA[
Scenario: Verify page elements using LLM                            &amp#27;[90m# src/test/resources/features/llm_integration.feature:6&amp#27;[0m
18:52:34.783 [main] INFO  com.automation.utils.ConfigReader - Configuration loaded successfully
18:52:34.785 [main] DEBUG com.automation.utils.ConfigReader - All loaded properties: {base.url=https://www.google.com, browser.timeout=10, openai.api.key=${OPENAI_API_KEY}, lmstudio.model=qwen2.5-7b-instruct, default.browser=chrome, explicit.wait=20, screenshot.on.failure=true, implicit.wait=10, llm.provider=LM_STUDIO, headless=false, lmstudio.url=http://127.0.0.1:1234, lmstudio.enable.fallback=false, polling.interval=500, browser=chrome, retry.count=3}
18:52:34.787 [main] DEBUG com.automation.utils.ConfigReader - Using value from properties file for lmstudio.url: http://127.0.0.1:1234
18:52:34.787 [main] DEBUG com.automation.utils.ConfigReader - Using value from properties file for lmstudio.model: qwen2.5-7b-instruct
18:52:34.787 [main] DEBUG com.automation.utils.ConfigReader - Using value from properties file for lmstudio.enable.fallback: false
18:52:34.787 [main] DEBUG com.automation.utils.ConfigReader - Boolean property lmstudio.enable.fallback = false (from value: false)
18:52:34.787 [main] DEBUG com.automation.utils.ConfigReader - Using value from properties file for llm.provider: LM_STUDIO
18:52:34.787 [main] DEBUG com.automation.utils.ConfigReader - Using value from properties file for openai.api.key: ${OPENAI_API_KEY}
18:52:34.787 [main] WARN  com.automation.utils.ConfigReader - No OpenAI API key found in environment variables, system properties, or config file
18:52:34.788 [main] INFO  com.automation.config.LLMConfig - LLM Configuration loaded - Provider: LM_STUDIO, Model: qwen2.5-7b-instruct
18:52:34.788 [main] DEBUG com.automation.config.LLMConfig - Base URL: http://127.0.0.1:1234, Fallback enabled: false
18:52:34.788 [main] INFO  c.automation.llm.LLMServiceFactory - Creating LLM service for provider: LM_STUDIO
18:52:35.147 [main] DEBUG com.automation.llm.http.HttpClient - Making request to URL: http://127.0.0.1:1234/v1/chat/completions
18:52:35.147 [main] DEBUG com.automation.llm.http.HttpClient - Request body: {"model":"qwen2.5-7b-instruct","messages":[{"role":"user","content":"test"}],"temperature":0.7,"max_tokens":10}
18:52:36.379 [main] DEBUG com.automation.llm.http.HttpClient - Response status: 200
18:52:36.379 [main] DEBUG com.automation.llm.http.HttpClient - Response body: {
  "id": "chatcmpl-m48aoj15iw9jrvwftg0foo",
  "object": "chat.completion",
  "created": 1738173155,
  "model": "qwen2.5-7b-instruct",
  "choices": [
    {
      "index": 0,
      "logprobs": null,
      "finish_reason": "length",
      "message": {
        "role": "assistant",
        "content": "Hello! How can I assist you today?"
      }
    }
  ],
  "usage": {
    "prompt_tokens": 30,
    "completion_tokens": 9,
    "total_tokens": 39
  },
  "system_fingerprint": "qwen2.5-7b-instruct"
}
18:52:36.379 [main] INFO  c.automation.llm.LLMServiceFactory - LM Studio availability check - Available: true
18:52:36.383 [main] DEBUG com.automation.llm.http.HttpClient - Making request to URL: http://127.0.0.1:1234/v1/chat/completions
18:52:36.383 [main] DEBUG com.automation.llm.http.HttpClient - Request body: {"model":"qwen2.5-7b-instruct","messages":[{"role":"user","content":"test"}],"temperature":0.7,"max_tokens":10}
18:52:37.233 [main] DEBUG com.automation.llm.http.HttpClient - Response status: 200
18:52:37.233 [main] DEBUG com.automation.llm.http.HttpClient - Response body: {
  "id": "chatcmpl-4axgod5wumtjh3yg904yvk",
  "object": "chat.completion",
  "created": 1738173156,
  "model": "qwen2.5-7b-instruct",
  "choices": [
    {
      "index": 0,
      "logprobs": null,
      "finish_reason": "length",
      "message": {
        "role": "assistant",
        "content": "Hello! How can I assist you today?"
      }
    }
  ],
  "usage": {
    "prompt_tokens": 30,
    "completion_tokens": 9,
    "total_tokens": 39
  },
  "system_fingerprint": "qwen2.5-7b-instruct"
}
18:52:37.234 [main] INFO  com.automation.llm.LMStudioClient - Successfully connected to LM Studio at http://127.0.0.1:1234 using model qwen2.5-7b-instruct
18:52:37.244 [main] DEBUG com.automation.utils.ConfigReader - Using value from properties file for headless: false
18:52:38.738 [main] DEBUG com.automation.utils.ConfigReader - Using value from properties file for explicit.wait: 20
18:52:38.741 [main] DEBUG com.automation.utils.ConfigReader - Using value from properties file for implicit.wait: 10
18:52:38.750 [main] INFO  c.a.steps.LLMIntegrationSteps - Navigating to URL: https://www.google.com
  &amp#27;[32mGiven &amp#27;[0m&amp#27;[32mI open the browser and navigate to &amp#27;[0m&amp#27;[32m&amp#27;[1m"https://www.google.com"&amp#27;[0m &amp#27;[90m# com.automation.steps.LLMIntegrationSteps.iOpenTheBrowserAndNavigateTo(java.lang.String)&amp#27;[0m
18:52:42.077 [main] INFO  c.a.steps.LLMIntegrationSteps - Analyzing page elements using LLM
18:52:44.083 [main] INFO  com.automation.llm.LMStudioClient - Analyzing web elements using LM Studio
18:52:44.083 [main] DEBUG com.automation.llm.http.HttpClient - Making request to URL: http://127.0.0.1:1234/v1/chat/completions
18:52:44.083 [main] DEBUG com.automation.llm.http.HttpClient - Request body: {"model":"qwen2.5-7b-instruct","messages":[{"role":"user","content":"Analyze the following HTML and identify the main interactive elements (buttons, links, forms) and their purpose. Keep the response concise and focus on key elements: <html itemscope=\"\" itemtype=\"http://schema.org/WebPage\" lang=\"es\"><head><meta charset=\"UTF-8\"><meta content=\"origin\" name=\"referrer\"><meta content=\"/images/branding/googleg/1x/googleg_standard_color_128dp.png\" itemprop=\"image\"><title>Google</title><script src=\"https://apis.google.com/_/scs/abc-static/_/js/k=gapi.gapi.en.l2ZUC8FxqV8.O/m=gapi_iframes,googleapis_client/rt=j/sv=1/d=1/ed=1/rs=AHpOoo9xAAkaXO7Lqf7-9uTpZLtrkpWaXQ/cb=gapi.loaded_0\" nonce=\"\" async=\"\"></script><script nonce=\"\">window._hst=Date.now();</script><script nonce=\"\">(function(){var _g={kEI:'5mqaZ-DvO5epkdUPx7vhoQU',kEXPI:'31',kBL:'lFGe',kOPI:89978449};(function(){var a;((a=window.google)==null?0:a.stvsc)?google.kEI=_g.kEI:window.google=_g;}).call(this);})();(function(){google.sn='webhp';google.kHL='es';})();(function(){\nvar g=this||self;function k(){return window.google&&window.google.kOPI||null};var l,m=[];function n(a){for(var b;a&&(!a.getAttribute||!(b=a.getAttribute(\"eid\")));)a=a.parentNode;return b||l}function p(a){for(var b=null;a&&(!a.getAttribute||!(b=a.getAttribute(\"leid\")));)a=a.parentNode;return b}function q(a){/^http:/i.test(a)&&window.location.protocol===\"https:\"&&(google.ml&&google.ml(Error(\"a\"),!1,{src:a,glmm:1}),a=\"\");return a}\nfunction r(a,b,d,c,h){var e=\"\";b.search(\"&ei=\")===-1&&(e=\"&ei=\"+n(c),b.search(\"&lei=\")===-1&&(c=p(c))&&(e+=\"&lei=\"+c));var f=b.search(\"&cshid=\")===-1&&a!==\"slh\";c=\"&zx=\"+Date.now().toString();g._cshid&&f&&(c+=\"&cshid=\"+g._cshid);(d=d())&&(c+=\"&opi=\"+d);return\"/\"+(h||\"gen_204\")+\"?atyp=i&ct=\"+String(a)+\"&cad=\"+(b+e+c)};l=google.kEI;google.getEI=n;google.getLEI=p;google.ml=function(){return null};google.log=function(a,b,d,c,h,e){e=e===void 0?k:e;d||(d=r(a,b,e,c,h));if(d=q(d)){a=new Image;var f=m.length;m[f]=a;a.onerror=a.onload=a.onabort=function(){delete m[f]};a.src=d}};google.logUrl=function(a,b){b=b===void 0?k:b;return r(\"\",a,b)};}).call(this);(function(){google.y={};google.sy=[];var d;(d=google).x||(d.x=function(a,b){if(a)var c=a.id;else{do c=Math.random();while(google.y[c])}google.y[c]=[a,b];return!1});var e;(e=google).sx||(e.sx=function(a){google.sy.push(a)});google.lm=[];var f;(f=google).plm||(f.plm=function(a){google.lm.push.apply(google.lm,a)});google.lq=[];var g;(g=google).load||(g.load=function(a,b,c){google.lq.push([[a],b,c])});var h;(h=google).loadAll||(h.loadAll=function(a,b){google.lq.push([a,b])});google.bx=!1;var k;(k=google).lx||(k.lx=function(){});var l=[],m;(m=google).fce||(m.fce=function(a,b,c,n){l.push([a,b,c,n])});google.qce=l;}).call(this);google.f={};(function(){\ndocument.documentElement.addEventListener(\"submit\",function(b){var a;if(a=b.target){var c=a.getAttribute(\"data-submitfalse\");a=c===\"1\"||c===\"q\"&&!a.elements.q.value?!0:!1}else a=!1;a&&(b.preventDefault(),b.stopPropagation())},!0);document.documentElement.addEventListener(\"click\",function(b){var a;a:{for(a=b.target;a&&a!==document.documentElement;a=a.parentElement)if(a.tagName===\"A\"){a=a.getAttribute(\"data-nohref\")===\"1\";break a}a=!1}a&&b.preventDefault()},!0);}).call(this);(function(){google.hs={h:true,nhs:false,sie:false};})();(function(){google.c={btfi:false,c4t:true,caf:false,cap:2000,cfr:false,cli:true,csp:false,dclt:false,doiu:1,dstc:false,fla:false,fli:false,gl:true,lhc:false,marb:false,mcc:false,pci:true,raf:false,timl:false,tprc:false,vis:true};})();(function(){\nvar n=this||self;window.google=window.google||{};var p=window.performance&&window.performance.timing&&\"navigationStart\"in window.performance.timing,q=google.stvsc&&google.stvsc.ns,r=p?q||window.performance.timing.navigationStart:void 0;function t(){return window.performance.now()-(google.stvsc&&google.stvsc.pno||0)}var aa=google.stvsc&&google.stvsc.rs,u=p?aa||window.performance.timing.responseStart:void 0;var ba=google.c.cap,ca=google.c.doiu,da=google.c.dclt,v=google.c.vis,x=google.c.gl,y=google.c.timl;function z(a,b,c){google.tick(\"load\",a,b,c)}function A(a,b){google.c.e(\"load\",a,String(b))};var ea=function(a,b,c){this.g=a;this.v=[];var d=this.g.getAttribute(\"data-deferred\");... (truncated)"}],"temperature":0.7,"max_tokens":500}
18:53:23.500 [main] DEBUG com.automation.llm.http.HttpClient - Response status: 200
18:53:23.500 [main] DEBUG com.automation.llm.http.HttpClient - Response body: {
  "id": "chatcmpl-85rejabazfxopg2cqdu5gh",
  "object": "chat.completion",
  "created": 1738173164,
  "model": "qwen2.5-7b-instruct",
  "choices": [
    {
      "index": 0,
      "logprobs": null,
      "finish_reason": "stop",
      "message": {
        "role": "assistant",
        "content": "Based on the provided HTML and JavaScript, it appears that the code is part of Google's web page setup rather than a complete document with interactive elements. However, we can still identify some key components:\n\n1. **Meta Tags**:\n   - `<meta charset=\"UTF-8\">`: Sets the character encoding.\n   - `<meta content=\"origin\" name=\"referrer\">`: Controls how referrer information is sent in requests to other sites.\n   - `<meta content=\"/images/branding/googleg/1x/googleg_standard_color_128dp.png\" itemprop=\"image\">`: Specifies an image for the webpage.\n\n2. **Title**:\n   - `<title>Google</title>`: Sets the title of the page, which is \"Google\".\n\n3. **Scripts**:\n   - Several script tags are included to load Google's APIs and functionality.\n   - One specific script initializes various Google objects and methods related to logging and tracking user interactions.\n\n4. **Event Listeners**:\n   - The provided JavaScript sets up event listeners for form submissions and link clicks, preventing default actions under certain conditions.\n     ```javascript\n     document.documentElement.addEventListener(\"submit\", function(b) {\n         // Prevents submission of forms with specific attributes or empty search fields.\n     }, true);\n     document.documentElement.addEventListener(\"click\", function(b) {\n         // Prevents navigation on links with a \"data-nohref\" attribute set to \"1\".\n     }, true);\n     ```\n\n5. **Google Objects Initialization**:\n   - Various Google objects and methods are initialized, such as `google.kEI`, `google.getLEI`, `google.logUrl`, etc., which are likely used for internal tracking and functionality.\n\nGiven the snippet provided, there are no explicit interactive elements (like buttons or forms) visible. The focus is more on setting up the environment for Google's services and tracking mechanisms. If you need to analyze a specific part of the HTML that contains these elements, please provide the relevant section."
      }
    }
  ],
  "usage": {
    "prompt_tokens": 1427,
    "completion_tokens": 406,
    "total_tokens": 1833
  },
  "system_fingerprint": "qwen2.5-7b-instruct"
}
18:53:23.509 [main] DEBUG com.automation.llm.LMStudioClient - Extracted content: Based on the provided HTML and JavaScript, it appears that the code is part of Google's web page setup rather than a complete document with interactive elements. However, we can still identify some key components:

1. **Meta Tags**:
   - `<meta charset="UTF-8">`: Sets the character encoding.
   - `<meta content="origin" name="referrer">`: Controls how referrer information is sent in requests to other sites.
   - `<meta content="/images/branding/googleg/1x/googleg_standard_color_128dp.png" itemprop="image">`: Specifies an image for the webpage.

2. **Title**:
   - `<title>Google</title>`: Sets the title of the page, which is "Google".

3. **Scripts**:
   - Several script tags are included to load Google's APIs and functionality.
   - One specific script initializes various Google objects and methods related to logging and tracking user interactions.

4. **Event Listeners**:
   - The provided JavaScript sets up event listeners for form submissions and link clicks, preventing default actions under certain conditions.
     ```javascript
     document.documentElement.addEventListener("submit", function(b) {
         // Prevents submission of forms with specific attributes or empty search fields.
     }, true);
     document.documentElement.addEventListener("click", function(b) {
         // Prevents navigation on links with a "data-nohref" attribute set to "1".
     }, true);
     ```

5. **Google Objects Initialization**:
   - Various Google objects and methods are initialized, such as `google.kEI`, `google.getLEI`, `google.logUrl`, etc., which are likely used for internal tracking and functionality.

Given the snippet provided, there are no explicit interactive elements (like buttons or forms) visible. The focus is more on setting up the environment for Google's services and tracking mechanisms. If you need to analyze a specific part of the HTML that contains these elements, please provide the relevant section.
18:53:23.509 [main] INFO  c.a.steps.LLMIntegrationSteps - Page analysis result: Based on the provided HTML and JavaScript, it appears that the code is part of Google's web page setup rather than a complete document with interactive elements. However, we can still identify some key components:

1. **Meta Tags**:
   - `<meta charset="UTF-8">`: Sets the character encoding.
   - `<meta content="origin" name="referrer">`: Controls how referrer information is sent in requests to other sites.
   - `<meta content="/images/branding/googleg/1x/googleg_standard_color_128dp.png" itemprop="image">`: Specifies an image for the webpage.

2. **Title**:
   - `<title>Google</title>`: Sets the title of the page, which is "Google".

3. **Scripts**:
   - Several script tags are included to load Google's APIs and functionality.
   - One specific script initializes various Google objects and methods related to logging and tracking user interactions.

4. **Event Listeners**:
   - The provided JavaScript sets up event listeners for form submissions and link clicks, preventing default actions under certain conditions.
     ```javascript
     document.documentElement.addEventListener("submit", function(b) {
         // Prevents submission of forms with specific attributes or empty search fields.
     }, true);
     document.documentElement.addEventListener("click", function(b) {
         // Prevents navigation on links with a "data-nohref" attribute set to "1".
     }, true);
     ```

5. **Google Objects Initialization**:
   - Various Google objects and methods are initialized, such as `google.kEI`, `google.getLEI`, `google.logUrl`, etc., which are likely used for internal tracking and functionality.

Given the snippet provided, there are no explicit interactive elements (like buttons or forms) visible. The focus is more on setting up the environment for Google's services and tracking mechanisms. If you need to analyze a specific part of the HTML that contains these elements, please provide the relevant section.
  &amp#27;[32mWhen &amp#27;[0m&amp#27;[32mI analyze the page elements using LLM&amp#27;[0m                        &amp#27;[90m# com.automation.steps.LLMIntegrationSteps.iAnalyzeThePageElementsUsingLLM()&amp#27;[0m
18:53:23.510 [main] INFO  c.a.steps.LLMIntegrationSteps - Validating welcome message
18:53:23.510 [main] INFO  com.automation.llm.LMStudioClient - Validating welcome message using LM Studio
18:53:23.510 [main] DEBUG com.automation.llm.http.HttpClient - Making request to URL: http://127.0.0.1:1234/v1/chat/completions
18:53:23.511 [main] DEBUG com.automation.llm.http.HttpClient - Request body: {"model":"qwen2.5-7b-instruct","messages":[{"role":"user","content":"Check if this page content contains the word 'Google'. Respond with 'yes' if it contains 'Google', or 'no' if it doesn't: <html itemscope=\"\" itemtype=\"http://schema.org/WebPage\" lang=\"es\"><head><meta charset=\"UTF-8\"><meta content=\"origin\" name=\"referrer\"><meta content=\"/images/branding/googleg/1x/googleg_standard_color_128dp.png\" itemprop=\"image\"><title>Google</title><script src=\"https://apis.google.com/_/scs/abc-static/_/js/k=gapi.gapi.en.l2ZUC8FxqV8.O/m=gapi_iframes,googleapis_client/rt=j/sv=1/d=1/ed=1/rs=AHpOoo9xAAkaXO7Lqf7-9uTpZLtrkpWaXQ/cb=gapi.loaded_0\" nonce=\"\" async=\"\"></script><script nonce=\"\">window._hst=Date.now();</script><script nonce=\"\">(function(){var _g={kEI:'5mqaZ-DvO5epkdUPx7vhoQU',kEXPI:'31',kBL:'lFGe',kOPI:89978449};(function(){var a;((a=window.google)==null?0:a.stvsc)?google.kEI=_g.kEI:window.google=_g;}).call(this);})();(function(){google.sn='webhp';google.kHL='es';})();(function(){\nvar g=this||self;function k(){return window.google&&window.google.kOPI||null};var l,m=[];function n(a){for(var b;a&&(!a.getAttribute||!(b=a.getAttribute(\"eid\")));)a=a.parentNode;return b||l}function p(a){for(var b=null;a&&(!a.getAttribute||!(b=a.getAttribute(\"leid\")));)a=a.parentNode;return b}function q(a){/^http:/i.test(a)&&window.location.protocol===\"https:\"&&(google.ml&&google.ml(Error(\"a\"),!1,{src:a,glmm:1}),a=\"\");return a}\nfunction r(a,b,d,c,h){var e=\"\";b.search(\"&ei=\")===-1&&(e=\"&ei=\"+n(c),b.search(\"&lei=\")===-1&&(c=p(c))&&(e+=\"&lei=\"+c));var f=b.search(\"&cshid=\")===-1&&a!==\"slh\";c=\"&zx=\"+Date.now().toString();g._cshid&&f&&(c+=\"&cshid=\"+g._cshid);(d=d())&&(c+=\"&opi=\"+d);return\"/\"+(h||\"gen_204\")+\"?atyp=i&ct=\"+String(a)+\"&cad=\"+(b+e+c)};l=google.kEI;google.getEI=n;google.getLEI=p;google.ml=function(){return null};google.log=function(a,b,d,c,h,e){e=e===void 0?k:e;d||(d=r(a,b,e,c,h));if(d=q(d)){a=new Image;var f=m.length;m[f]=a;a.onerror=a.onload=a.onabort=function(){delete m[f]};a.src=d}};google.logUrl=function(a,b){b=b===void 0?k:b;return r(\"\",a,b)};}).call(this);(function(){google.y={};google.sy=[];var d;(d=google).x||(d.x=function(a,b){if(a)var c=a.id;else{do c=Math.random();while(google.y[c])}google.y[c]=[a,b];return!1});var e;(e=google).sx||(e.sx=function(a){google.sy.push(a)});google.lm=[];var f;(f=google).plm||(f.plm=function(a){google.lm.push.apply(google.lm,a)});google.lq=[];var g;(g=google).load||(g.load=function(a,b,c){google.lq.push([[a],b,c])});var h;(h=google).loadAll||(h.loadAll=function(a,b){google.lq.push([a,b])});google.bx=!1;var k;(k=google).lx||(k.lx=function(){});var l=[],m;(m=google).fce||(m.fce=function(a,b,c,n){l.push([a,b,c,n])});google.qce=l;}).call(this);google.f={};(function(){\ndocument.documentElement.addEventListener(\"submit\",function(b){var a;if(a=b.target){var c=a.getAttribute(\"data-submitfalse\");a=c===\"1\"||c===\"q\"&&!a.elements.q.value?!0:!1}else a=!1;a&&(b.preventDefault(),b.stopPropagation())},!0);document.documentElement.addEventListener(\"click\",function(b){var a;a:{for(a=b.target;a&&a!==document.documentElement;a=a.parentElement)if(a.tagName===\"A\"){a=a.getAttribute(\"data-nohref\")===\"1\";break a}a=!1}a&&b.preventDefault()},!0);}).call(this);(function(){google.hs={h:true,nhs:false,sie:false};})();(function(){google.c={btfi:false,c4t:true,caf:false,cap:2000,cfr:false,cli:true,csp:false,dclt:false,doiu:1,dstc:false,fla:false,fli:false,gl:true,lhc:false,marb:false,mcc:false,pci:true,raf:false,timl:false,tprc:false,vis:true};})();(function(){\nvar n=this||self;window.google=window.google||{};var p=window.performance&&window.performance.timing&&\"navigationStart\"in window.performance.timing,q=google.stvsc&&google.stvsc.ns,r=p?q||window.performance.timing.navigationStart:void 0;function t(){return window.performance.now()-(google.stvsc&&google.stvsc.pno||0)}var aa=google.stvsc&&google.stvsc.rs,u=p?aa||window.performance.timing.responseStart:void 0;var ba=google.c.cap,ca=google.c.doiu,da=google.c.dclt,v=google.c.vis,x=google.c.gl,y=google.c.timl;function z(a,b,c){google.tick(\"load\",a,b,c)}function A(a,b){google.c.e(\"load\",a,String(b))};var ea=function(a,b,c){this.g=a;this.v=[];var d=this.g.getAttribute(\"data-deferred\");... (truncated)"}],"temperature":0.7,"max_tokens":500}
18:53:27.583 [main] DEBUG com.automation.llm.http.HttpClient - Response status: 200
18:53:27.583 [main] DEBUG com.automation.llm.http.HttpClient - Response body: {
  "id": "chatcmpl-u35oj6fo8iu9aa6b3getf",
  "object": "chat.completion",
  "created": 1738173203,
  "model": "qwen2.5-7b-instruct",
  "choices": [
    {
      "index": 0,
      "logprobs": null,
      "finish_reason": "stop",
      "message": {
        "role": "assistant",
        "content": "yes"
      }
    }
  ],
  "usage": {
    "prompt_tokens": 1426,
    "completion_tokens": 1,
    "total_tokens": 1427
  },
  "system_fingerprint": "qwen2.5-7b-instruct"
}
18:53:27.583 [main] DEBUG com.automation.llm.LMStudioClient - Extracted content: yes
18:53:27.583 [main] INFO  com.automation.llm.LMStudioClient - Welcome message validation response: yes
18:53:27.584 [main] INFO  c.a.steps.LLMIntegrationSteps - Welcome message found: true
  &amp#27;[32mThen &amp#27;[0m&amp#27;[32mI should see the expected welcome message&amp#27;[0m                    &amp#27;[90m# com.automation.steps.LLMIntegrationSteps.iShouldSeeTheExpectedWelcomeMessage()&amp#27;[0m
18:53:27.589 [main] INFO  c.a.steps.LLMIntegrationSteps - Validating page content using LLM analysis
18:53:27.589 [main] INFO  c.a.steps.LLMIntegrationSteps - Page content validation successful
  &amp#27;[32mAnd &amp#27;[0m&amp#27;[32mI should validate the page content using LLM&amp#27;[0m                  &amp#27;[90m# com.automation.steps.LLMIntegrationSteps.iShouldValidateThePageContentUsingLLM()&amp#27;[0m
]]></system-out>
    <system-err><![CDATA[Jan 29, 2025 6:52:38 PM org.openqa.selenium.devtools.CdpVersionFinder findNearestMatch
WARNING: Unable to find CDP implementation matching 132
Jan 29, 2025 6:52:38 PM org.openqa.selenium.chromium.ChromiumDriver lambda$new$5
WARNING: Unable to find version of CDP to use for 132.0.6834.159. You may need to include a dependency on a specific version of the CDP using something similar to `org.seleniumhq.selenium:selenium-devtools-v86:4.15.0` where the version ("v86") matches the version of the chromium-based browser you're using and the version number of the artifact is the same as Selenium's.
]]></system-err>
  </testcase>
</testsuite>