<?xml version="1.0" encoding="UTF-8"?>
<!-- Generated by org.testng.reporters.JUnitReportReporter -->
<testsuite hostname="LAPTOP-UBP91F64" failures="0" tests="1" name="com.automation.runners.CucumberTestRunner" time="53.131" errors="0" timestamp="2025-01-29T18:53:27 CET" skipped="0">
  <testcase classname="com.automation.runners.CucumberTestRunner" name="runScenario" time="53.131"/>
</testsuite> <!-- com.automation.runners.CucumberTestRunner -->
